<?xml version="1.0" encoding="UTF-8"?>
<testsuite xmlns:xsi="http://www.w3.org/2001/XMLSchema-instance" xsi:noNamespaceSchemaLocation="https://maven.apache.org/surefire/maven-surefire-plugin/xsd/surefire-test-report.xsd" name="com.me.airpistol.athletic.AthleteTest" time="0.021" tests="7" errors="0" skipped="0" failures="0">
  <properties>
[...]
</properties>
  <testcase name="testGetScore" classname="com.me.airpistol.athletic.AthleteTest" time="0"/>
  <testcase name="testGetFullName" classname="com.me.airpistol.athletic.AthleteTest" time="0"/>
  <testcase name="testClone" classname="com.me.airpistol.athletic.AthleteTest" time="0"/>
  <testcase name="testShoot" classname="com.me.airpistol.athletic.AthleteTest" time="0"/>
  <testcase name="testToString" classname="com.me.airpistol.athletic.AthleteTest" time="0.018"/>
  <testcase name="testSetInRelay" classname="com.me.airpistol.athletic.AthleteTest" time="0"/>
  <testcase name="testSetDefaultShootingAction" classname="com.me.airpistol.athletic.AthleteTest" time="0.001"/>
</testsuite>